# JRE version: Java(TM) SE Runtime Environment (8.0_51-b16) (build 1.8.0_51-b16)
# Java VM: Java HotSpot(TM) 64-Bit Server VM (25.51-b03 mixed mode windows-amd64 compressed oops)
Heap:
 PSYoungGen      total 525824K, used 315487K [0x00000000d5580000, 0x00000000fe800000, 0x0000000100000000)
  eden space 382464K, 62% used [0x00000000d5580000,0x00000000e409c5f8,0x00000000ecb00000)
  from space 143360K, 52% used [0x00000000f5c00000,0x00000000fa4fb740,0x00000000fe800000)
  to   space 145920K, 0% used [0x00000000ecb00000,0x00000000ecb00000,0x00000000f5980000)
 ParOldGen       total 349696K, used 190903K [0x0000000080000000, 0x0000000095580000, 0x00000000d5580000)
  object space 349696K, 54% used [0x0000000080000000,0x000000008ba6df40,0x0000000095580000)
 Metaspace       used 84900K, capacity 89982K, committed 90240K, reserved 1128448K
  class space    used 10317K, capacity 11343K, committed 11392K, reserved 1048576K
GC Heap History (10 events):
Event: 1277.559 GC heap before
{Heap before GC invocations=80 (full 10):
 PSYoungGen      total 498176K, used 346755K [0x00000000d5580000, 0x00000000ffe00000, 0x0000000100000000)
  eden space 323584K, 100% used [0x00000000d5580000,0x00000000e9180000,0x00000000e9180000)
  from space 174592K, 13% used [0x00000000e9180000,0x00000000ea820d20,0x00000000f3c00000)
  to   space 175104K, 0% used [0x00000000f5300000,0x00000000f5300000,0x00000000ffe00000)
 ParOldGen       total 349696K, used 190895K [0x0000000080000000, 0x0000000095580000, 0x00000000d5580000)
  object space 349696K, 54% used [0x0000000080000000,0x000000008ba6bf40,0x0000000095580000)
 Metaspace       used 84705K, capacity 89736K, committed 89984K, reserved 1128448K
  class space    used 10303K, capacity 11305K, committed 11392K, reserved 1048576K
Event: 1277.588 GC heap after
Heap after GC invocations=80 (full 10):
 PSYoungGen      total 513536K, used 51168K [0x00000000d5580000, 0x00000000ff400000, 0x0000000100000000)
  eden space 348672K, 0% used [0x00000000d5580000,0x00000000d5580000,0x00000000eaa00000)
  from space 164864K, 31% used [0x00000000f5300000,0x00000000f84f8030,0x00000000ff400000)
  to   space 168960K, 0% used [0x00000000eaa00000,0x00000000eaa00000,0x00000000f4f00000)
 ParOldGen       total 349696K, used 190895K [0x0000000080000000, 0x0000000095580000, 0x00000000d5580000)
  object space 349696K, 54% used [0x0000000080000000,0x000000008ba6bf40,0x0000000095580000)
 Metaspace       used 84705K, capacity 89736K, committed 89984K, reserved 1128448K
  class space    used 10303K, capacity 11305K, committed 11392K, reserved 1048576K
}
Event: 1284.713 GC heap before
{Heap before GC invocations=81 (full 10):
 PSYoungGen      total 513536K, used 399840K [0x00000000d5580000, 0x00000000ff400000, 0x0000000100000000)
  eden space 348672K, 100% used [0x00000000d5580000,0x00000000eaa00000,0x00000000eaa00000)
  from space 164864K, 31% used [0x00000000f5300000,0x00000000f84f8030,0x00000000ff400000)
  to   space 168960K, 0% used [0x00000000eaa00000,0x00000000eaa00000,0x00000000f4f00000)
 ParOldGen       total 349696K, used 190895K [0x0000000080000000, 0x0000000095580000, 0x00000000d5580000)
  object space 349696K, 54% used [0x0000000080000000,0x000000008ba6bf40,0x0000000095580000)
 Metaspace       used 84730K, capacity 89800K, committed 89984K, reserved 1128448K
  class space    used 10303K, capacity 11305K, committed 11392K, reserved 1048576K
Event: 1284.757 GC heap after
Heap after GC invocations=81 (full 10):
 PSYoungGen      total 517632K, used 75771K [0x00000000d5580000, 0x00000000ff400000, 0x0000000100000000)
  eden space 348672K, 0% used [0x00000000d5580000,0x00000000d5580000,0x00000000eaa00000)
  from space 168960K, 44% used [0x00000000eaa00000,0x00000000ef3fec20,0x00000000f4f00000)
  to   space 160768K, 0% used [0x00000000f5700000,0x00000000f5700000,0x00000000ff400000)
 ParOldGen       total 349696K, used 190903K [0x0000000080000000, 0x0000000095580000, 0x00000000d5580000)
  object space 349696K, 54% used [0x0000000080000000,0x000000008ba6df40,0x0000000095580000)
 Metaspace       used 84730K, capacity 89800K, committed 89984K, reserved 1128448K
  class space    used 10303K, capacity 11305K, committed 11392K, reserved 1048576K
}
Event: 1299.942 GC heap before
{Heap before GC invocations=82 (full 10):
 PSYoungGen      total 517632K, used 424443K [0x00000000d5580000, 0x00000000ff400000, 0x0000000100000000)
  eden space 348672K, 100% used [0x00000000d5580000,0x00000000eaa00000,0x00000000eaa00000)
  from space 168960K, 44% used [0x00000000eaa00000,0x00000000ef3fec20,0x00000000f4f00000)
  to   space 160768K, 0% used [0x00000000f5700000,0x00000000f5700000,0x00000000ff400000)
 ParOldGen       total 349696K, used 190903K [0x0000000080000000, 0x0000000095580000, 0x00000000d5580000)
  object space 349696K, 54% used [0x0000000080000000,0x000000008ba6df40,0x0000000095580000)
 Metaspace       used 84732K, capacity 89800K, committed 89984K, reserved 1128448K
  class space    used 10303K, capacity 11305K, committed 11392K, reserved 1048576K
Event: 1300.013 GC heap after
Heap after GC invocations=82 (full 10):
 PSYoungGen      total 525824K, used 96955K [0x00000000d5580000, 0x00000000ff800000, 0x0000000100000000)
  eden space 365056K, 0% used [0x00000000d5580000,0x00000000d5580000,0x00000000eba00000)
  from space 160768K, 60% used [0x00000000f5700000,0x00000000fb5aee90,0x00000000ff400000)
  to   space 160768K, 0% used [0x00000000eba00000,0x00000000eba00000,0x00000000f5700000)
 ParOldGen       total 349696K, used 190903K [0x0000000080000000, 0x0000000095580000, 0x00000000d5580000)
  object space 349696K, 54% used [0x0000000080000000,0x000000008ba6df40,0x0000000095580000)
 Metaspace       used 84732K, capacity 89800K, committed 89984K, reserved 1128448K
  class space    used 10303K, capacity 11305K, committed 11392K, reserved 1048576K
}
Event: 1308.912 GC heap before
{Heap before GC invocations=83 (full 10):
 PSYoungGen      total 525824K, used 462011K [0x00000000d5580000, 0x00000000ff800000, 0x0000000100000000)
  eden space 365056K, 100% used [0x00000000d5580000,0x00000000eba00000,0x00000000eba00000)
  from space 160768K, 60% used [0x00000000f5700000,0x00000000fb5aee90,0x00000000ff400000)
  to   space 160768K, 0% used [0x00000000eba00000,0x00000000eba00000,0x00000000f5700000)
 ParOldGen       total 349696K, used 190903K [0x0000000080000000, 0x0000000095580000, 0x00000000d5580000)
  object space 349696K, 54% used [0x0000000080000000,0x000000008ba6df40,0x0000000095580000)
 Metaspace       used 84743K, capacity 89800K, committed 89984K, reserved 1128448K
  class space    used 10303K, capacity 11305K, committed 11392K, reserved 1048576K
Event: 1308.946 GC heap after
Heap after GC invocations=83 (full 10):
 PSYoungGen      total 525824K, used 66096K [0x00000000d5580000, 0x00000000ff200000, 0x0000000100000000)
  eden space 365056K, 0% used [0x00000000d5580000,0x00000000d5580000,0x00000000eba00000)
  from space 160768K, 41% used [0x00000000eba00000,0x00000000efa8c070,0x00000000f5700000)
  to   space 153600K, 0% used [0x00000000f5c00000,0x00000000f5c00000,0x00000000ff200000)
 ParOldGen       total 349696K, used 190903K [0x0000000080000000, 0x0000000095580000, 0x00000000d5580000)
  object space 349696K, 54% used [0x0000000080000000,0x000000008ba6df40,0x0000000095580000)
 Metaspace       used 84743K, capacity 89800K, committed 89984K, reserved 1128448K
  class space    used 10303K, capacity 11305K, committed 11392K, reserved 1048576K
}
Event: 1317.033 GC heap before
{Heap before GC invocations=84 (full 10):
 PSYoungGen      total 525824K, used 431152K [0x00000000d5580000, 0x00000000ff200000, 0x0000000100000000)
  eden space 365056K, 100% used [0x00000000d5580000,0x00000000eba00000,0x00000000eba00000)
  from space 160768K, 41% used [0x00000000eba00000,0x00000000efa8c070,0x00000000f5700000)
  to   space 153600K, 0% used [0x00000000f5c00000,0x00000000f5c00000,0x00000000ff200000)
 ParOldGen       total 349696K, used 190903K [0x0000000080000000, 0x0000000095580000, 0x00000000d5580000)
  object space 349696K, 54% used [0x0000000080000000,0x000000008ba6df40,0x0000000095580000)
 Metaspace       used 84860K, capacity 89982K, committed 90240K, reserved 1128448K
  class space    used 10315K, capacity 11343K, committed 11392K, reserved 1048576K
Event: 1317.070 GC heap after
Heap after GC invocations=84 (full 10):
 PSYoungGen      total 525824K, used 74733K [0x00000000d5580000, 0x00000000fe800000, 0x0000000100000000)
  eden space 382464K, 0% used [0x00000000d5580000,0x00000000d5580000,0x00000000ecb00000)
  from space 143360K, 52% used [0x00000000f5c00000,0x00000000fa4fb740,0x00000000fe800000)
  to   space 145920K, 0% used [0x00000000ecb00000,0x00000000ecb00000,0x00000000f5980000)
 ParOldGen       total 349696K, used 190903K [0x0000000080000000, 0x0000000095580000, 0x00000000d5580000)
  object space 349696K, 54% used [0x0000000080000000,0x000000008ba6df40,0x0000000095580000)
 Metaspace       used 84860K, capacity 89982K, committed 90240K, reserved 1128448K
  class space    used 10315K, capacity 11343K, committed 11392K, reserved 1048576K
}

