# JRE version: Java(TM) SE Runtime Environment (8.0_51-b16) (build 1.8.0_51-b16)
# Java VM: Java HotSpot(TM) 64-Bit Server VM (25.51-b03 mixed mode windows-amd64 compressed oops)
Heap:
 PSYoungGen      total 189440K, used 6624K [0x00000000eab00000, 0x00000000fd880000, 0x0000000100000000)
  eden space 170496K, 3% used [0x00000000eab00000,0x00000000eb1783a0,0x00000000f5180000)
  from space 18944K, 0% used [0x00000000fc600000,0x00000000fc600000,0x00000000fd880000)
  to   space 13312K, 0% used [0x00000000f5180000,0x00000000f5180000,0x00000000f5e80000)
 ParOldGen       total 69120K, used 22359K [0x00000000c0000000, 0x00000000c4380000, 0x00000000eab00000)
  object space 69120K, 32% used [0x00000000c0000000,0x00000000c15d5e80,0x00000000c4380000)
 Metaspace       used 34462K, capacity 35438K, committed 35712K, reserved 1081344K
  class space    used 4603K, capacity 4989K, committed 4992K, reserved 1048576K
GC Heap History (10 events):
Event: 5.019 GC heap before
{Heap before GC invocations=4 (full 1):
 PSYoungGen      total 71680K, used 5104K [0x00000000eab00000, 0x00000000f3700000, 0x0000000100000000)
  eden space 66560K, 0% used [0x00000000eab00000,0x00000000eab00000,0x00000000eec00000)
  from space 5120K, 99% used [0x00000000eec00000,0x00000000ef0fc060,0x00000000ef100000)
  to   space 5120K, 0% used [0x00000000f3200000,0x00000000f3200000,0x00000000f3700000)
 ParOldGen       total 87552K, used 9134K [0x00000000c0000000, 0x00000000c5580000, 0x00000000eab00000)
  object space 87552K, 10% used [0x00000000c0000000,0x00000000c08eb8e8,0x00000000c5580000)
 Metaspace       used 20697K, capacity 21200K, committed 21296K, reserved 1067008K
  class space    used 2764K, capacity 2919K, committed 2944K, reserved 1048576K
Event: 5.088 GC heap after
Heap after GC invocations=4 (full 1):
 PSYoungGen      total 71680K, used 0K [0x00000000eab00000, 0x00000000f3700000, 0x0000000100000000)
  eden space 66560K, 0% used [0x00000000eab00000,0x00000000eab00000,0x00000000eec00000)
  from space 5120K, 0% used [0x00000000eec00000,0x00000000eec00000,0x00000000ef100000)
  to   space 5120K, 0% used [0x00000000f3200000,0x00000000f3200000,0x00000000f3700000)
 ParOldGen       total 69120K, used 11634K [0x00000000c0000000, 0x00000000c4380000, 0x00000000eab00000)
  object space 69120K, 16% used [0x00000000c0000000,0x00000000c0b5c920,0x00000000c4380000)
 Metaspace       used 20697K, capacity 21200K, committed 21296K, reserved 1067008K
  class space    used 2764K, capacity 2919K, committed 2944K, reserved 1048576K
}
Event: 5.626 GC heap before
{Heap before GC invocations=5 (full 1):
 PSYoungGen      total 71680K, used 66560K [0x00000000eab00000, 0x00000000f3700000, 0x0000000100000000)
  eden space 66560K, 100% used [0x00000000eab00000,0x00000000eec00000,0x00000000eec00000)
  from space 5120K, 0% used [0x00000000eec00000,0x00000000eec00000,0x00000000ef100000)
  to   space 5120K, 0% used [0x00000000f3200000,0x00000000f3200000,0x00000000f3700000)
 ParOldGen       total 69120K, used 11634K [0x00000000c0000000, 0x00000000c4380000, 0x00000000eab00000)
  object space 69120K, 16% used [0x00000000c0000000,0x00000000c0b5c920,0x00000000c4380000)
 Metaspace       used 22269K, capacity 22806K, committed 23168K, reserved 1069056K
  class space    used 2936K, capacity 3112K, committed 3200K, reserved 1048576K
Event: 5.639 GC heap after
Heap after GC invocations=5 (full 1):
 PSYoungGen      total 105984K, used 2101K [0x00000000eab00000, 0x00000000f3480000, 0x0000000100000000)
  eden space 103424K, 0% used [0x00000000eab00000,0x00000000eab00000,0x00000000f1000000)
  from space 2560K, 82% used [0x00000000f3200000,0x00000000f340d500,0x00000000f3480000)
  to   space 5120K, 0% used [0x00000000f2a80000,0x00000000f2a80000,0x00000000f2f80000)
 ParOldGen       total 69120K, used 11642K [0x00000000c0000000, 0x00000000c4380000, 0x00000000eab00000)
  object space 69120K, 16% used [0x00000000c0000000,0x00000000c0b5e920,0x00000000c4380000)
 Metaspace       used 22269K, capacity 22806K, committed 23168K, reserved 1069056K
  class space    used 2936K, capacity 3112K, committed 3200K, reserved 1048576K
}
Event: 6.312 GC heap before
{Heap before GC invocations=6 (full 1):
 PSYoungGen      total 105984K, used 105525K [0x00000000eab00000, 0x00000000f3480000, 0x0000000100000000)
  eden space 103424K, 100% used [0x00000000eab00000,0x00000000f1000000,0x00000000f1000000)
  from space 2560K, 82% used [0x00000000f3200000,0x00000000f340d500,0x00000000f3480000)
  to   space 5120K, 0% used [0x00000000f2a80000,0x00000000f2a80000,0x00000000f2f80000)
 ParOldGen       total 69120K, used 11642K [0x00000000c0000000, 0x00000000c4380000, 0x00000000eab00000)
  object space 69120K, 16% used [0x00000000c0000000,0x00000000c0b5e920,0x00000000c4380000)
 Metaspace       used 22296K, capacity 22870K, committed 23168K, reserved 1069056K
  class space    used 2938K, capacity 3112K, committed 3200K, reserved 1048576K
Event: 6.345 GC heap after
Heap after GC invocations=6 (full 1):
 PSYoungGen      total 135680K, used 1812K [0x00000000eab00000, 0x00000000f6c00000, 0x0000000100000000)
  eden space 130560K, 0% used [0x00000000eab00000,0x00000000eab00000,0x00000000f2a80000)
  from space 5120K, 35% used [0x00000000f2a80000,0x00000000f2c450d0,0x00000000f2f80000)
  to   space 13824K, 0% used [0x00000000f5e80000,0x00000000f5e80000,0x00000000f6c00000)
 ParOldGen       total 69120K, used 11650K [0x00000000c0000000, 0x00000000c4380000, 0x00000000eab00000)
  object space 69120K, 16% used [0x00000000c0000000,0x00000000c0b60920,0x00000000c4380000)
 Metaspace       used 22296K, capacity 22870K, committed 23168K, reserved 1069056K
  class space    used 2938K, capacity 3112K, committed 3200K, reserved 1048576K
}
Event: 7.289 GC heap before
{Heap before GC invocations=7 (full 1):
 PSYoungGen      total 135680K, used 132372K [0x00000000eab00000, 0x00000000f6c00000, 0x0000000100000000)
  eden space 130560K, 100% used [0x00000000eab00000,0x00000000f2a80000,0x00000000f2a80000)
  from space 5120K, 35% used [0x00000000f2a80000,0x00000000f2c450d0,0x00000000f2f80000)
  to   space 13824K, 0% used [0x00000000f5e80000,0x00000000f5e80000,0x00000000f6c00000)
 ParOldGen       total 69120K, used 11650K [0x00000000c0000000, 0x00000000c4380000, 0x00000000eab00000)
  object space 69120K, 16% used [0x00000000c0000000,0x00000000c0b60920,0x00000000c4380000)
 Metaspace       used 22301K, capacity 22902K, committed 23168K, reserved 1069056K
  class space    used 2939K, capacity 3144K, committed 3200K, reserved 1048576K
Event: 7.314 GC heap after
Heap after GC invocations=7 (full 1):
 PSYoungGen      total 184320K, used 2452K [0x00000000eab00000, 0x00000000f9700000, 0x0000000100000000)
  eden space 170496K, 0% used [0x00000000eab00000,0x00000000eab00000,0x00000000f5180000)
  from space 13824K, 17% used [0x00000000f5e80000,0x00000000f60e5110,0x00000000f6c00000)
  to   space 13312K, 0% used [0x00000000f5180000,0x00000000f5180000,0x00000000f5e80000)
 ParOldGen       total 69120K, used 11658K [0x00000000c0000000, 0x00000000c4380000, 0x00000000eab00000)
  object space 69120K, 16% used [0x00000000c0000000,0x00000000c0b62920,0x00000000c4380000)
 Metaspace       used 22301K, capacity 22902K, committed 23168K, reserved 1069056K
  class space    used 2939K, capacity 3144K, committed 3200K, reserved 1048576K
}
Event: 11.757 GC heap before
{Heap before GC invocations=8 (full 1):
 PSYoungGen      total 184320K, used 172948K [0x00000000eab00000, 0x00000000f9700000, 0x0000000100000000)
  eden space 170496K, 100% used [0x00000000eab00000,0x00000000f5180000,0x00000000f5180000)
  from space 13824K, 17% used [0x00000000f5e80000,0x00000000f60e5110,0x00000000f6c00000)
  to   space 13312K, 0% used [0x00000000f5180000,0x00000000f5180000,0x00000000f5e80000)
 ParOldGen       total 69120K, used 11658K [0x00000000c0000000, 0x00000000c4380000, 0x00000000eab00000)
  object space 69120K, 16% used [0x00000000c0000000,0x00000000c0b62920,0x00000000c4380000)
 Metaspace       used 31636K, capacity 32648K, committed 32768K, reserved 1077248K
  class space    used 4160K, capacity 4525K, committed 4608K, reserved 1048576K
Event: 11.774 GC heap after
Heap after GC invocations=8 (full 1):
 PSYoungGen      total 183808K, used 13296K [0x00000000eab00000, 0x00000000fd880000, 0x0000000100000000)
  eden space 170496K, 0% used [0x00000000eab00000,0x00000000eab00000,0x00000000f5180000)
  from space 13312K, 99% used [0x00000000f5180000,0x00000000f5e7c138,0x00000000f5e80000)
  to   space 18944K, 0% used [0x00000000fc600000,0x00000000fc600000,0x00000000fd880000)
 ParOldGen       total 69120K, used 16245K [0x00000000c0000000, 0x00000000c4380000, 0x00000000eab00000)
  object space 69120K, 23% used [0x00000000c0000000,0x00000000c0fdd710,0x00000000c4380000)
 Metaspace       used 31636K, capacity 32648K, committed 32768K, reserved 1077248K
  class space    used 4160K, capacity 4525K, committed 4608K, reserved 1048576K
}

